C51 COMPILER V9.00   MAIN                                                                  04/03/2022 19:47:55 PAGE 1   


C51 COMPILER V9.00, COMPILATION OF MODULE MAIN
OBJECT MODULE PLACED IN main.OBJ
COMPILER INVOKED BY: D:\Keil4\C51\BIN\C51.EXE main.c BROWSE DEBUG OBJECTEXTEND

line level    source

   1          //===================================//
   2          //项目名称：模拟智能灌溉系统
   3          //作者：电气204刘佳波
   4          //时间：2022.03.08
   5          //===================================//
   6          #include"reg52.h"
   7          #include"key.h"
   8          #include"ds1302.h"
   9          #include"iic.h"
  10          
  11          #define u8 unsigned char
  12          #define u16 unsigned int
  13          
  14          sfr AUXR = 0x8e;
  15          
  16          u8 smg_duan[] = {0xc0,0xf9,0xa4,0xb0,0x99,0x92,0x82,0xf8,0x80,0x90}; 
  17          u8 smg_wei[] = {0x80,0x40,0x20,0x10,0x08,0x04,0x02,0x01};
  18          u8 time_table1[8];
  19          u8 time_table2[8];
  20          
  21          u8 key_count,dac,adc_count;  
  22          extern u8 min = 0x30,hour = 0x08,sec = 0x00,hum = 0;                    
  23          extern bit work_mode = 0,buzz_flag = 0,hum_val_flag = 0,s6_flag = 0,irr_flag = 0;
  24          extern char hum_val = 50;
  25          bit adc_flag = 0,key_flag = 0;
  26          
  27          void initsystem();
  28          void HC573(u8 n,u8 value);
  29          void table_convert();
  30          void Timer0Init(void);
  31          void display();
  32          void LEDproc();
  33          
  34          void main()
  35          {
  36   1              initsystem();   
  37   1              Timer0Init();
  38   1              hum_val = read_byte_at24c02(0x00);                                                                      
  39   1              init_time();                                                                                    //0x10打开继电器
  40   1              while(1)                                                                                                //0x40打开蜂鸣器
  41   1              {                                                                                                                  
  42   2              LEDproc();              
  43   2                      if(adc_flag)
  44   2                      {       
  45   3                              adc_flag = 0;           
  46   3                              EA = 0;                                                  //断开中断，防止影响IIC总线时序
  47   3                              dac = read_8591_channel(3);
  48   3                              EA = 1;
  49   3                              hum = BCD_DEC(dac) * 9 / 15;    //0x00-0xff转化为00-99                    
  50   3                      }               
  51   2                      EA = 0;                                                  //断开中断，防止影响ds1302时序
  52   2                      read_ds1302(); 
  53   2                      EA = 1;
  54   2                      
  55   2                      if(key_flag){key_flag = 0;Keyproc();}    //独立按键
C51 COMPILER V9.00   MAIN                                                                  04/03/2022 19:47:55 PAGE 2   

  56   2      
  57   2                      table_convert();                                                //数码管数组
  58   2              }
  59   1      }
  60          
  61          void Timer0isr() interrupt 1
  62          {
  63   1              key_count++;adc_count++;
  64   1              if(adc_count >= 150)    //0.3s计时
  65   1              {
  66   2                      adc_count = 0;
  67   2                      adc_flag = 1;
  68   2              }
  69   1               if(key_count > 6)          //12ms
  70   1              {
  71   2                      key_count = 0;
  72   2                      key_flag = 1;
  73   2              }                       
  74   1              display();
  75   1      }
  76          
  77          void LEDproc()
  78          {
  79   1              EA = 0;
  80   1              if(work_mode == 0)                                              //自动模式
  81   1              {
  82   2                      HC573(4,~0x01);                                                                         //打开L1                                        
  83   2                      if(hum < hum_val){HC573(5,0x10);}                                           //打开继电器
  84   2                      else{HC573(5,0x00);}                                                            //关闭继电器
  85   2              }
  86   1              else                                                                //手动模式                                                           
  87   1              {
  88   2                      HC573(4,~0x02);                                             //打开L2                                                                                                                                                                       
  89   2                      if(irr_flag == 1)
  90   2                      {       
  91   3                              if((hum < hum_val)&&(buzz_flag == 0))        //buzz_flag为0时准许蜂鸣器工作     
  92   3                              {
  93   4                                      HC573(5,0xff);                                                              //打开蜂鸣器继电器
  94   4                              }
  95   3                              else
  96   3                              {                                                                                               
  97   4                                      HC573(5,0x10);                                                                          //关闭蜂鸣器打开继电器
  98   4                              }       
  99   3                      }
 100   2                      if(irr_flag == 0)
 101   2                      {
 102   3                              if((hum < hum_val)&&(buzz_flag == 0))
 103   3                              {
 104   4                                      HC573(5,0x40);                                                                      //打开蜂鸣器关闭继电器
 105   4                              }
 106   3                              else
 107   3                              {
 108   4                                      HC573(5,0x00);                                                                      //关闭蜂鸣器继电器
 109   4                              }
 110   3                      }
 111   2              }
 112   1              EA = 1;
 113   1      }
 114          
 115          void initsystem()                                       //系统初始化
 116          {
 117   1              HC573(5,0x00);
C51 COMPILER V9.00   MAIN                                                                  04/03/2022 19:47:55 PAGE 3   

 118   1              HC573(4,0xff);
 119   1      }
 120          
 121          void HC573(u8 n,u8 value)
 122          {
 123   1              switch(n)
 124   1              {
 125   2                      case 4:  P0 = value; P2 = (P2 & 0x1f) | 0x80;  P2 &= 0x1f; break;
 126   2                      case 5:  P0 = value; P2 = (P2 & 0x1f) | 0xa0;  P2 &= 0x1f; break;
 127   2                      case 6:  P0 = value; P2 = (P2 & 0x1f) | 0xc0;  P2 &= 0x1f; break;
 128   2                      case 7:  P0 = value; P2 = (P2 & 0x1f) | 0xe0;  P2 &= 0x1f; break;
 129   2              }
 130   1      }
 131          
 132          void display()                   //SMG显示
 133          {
 134   1              static u8 i;
 135   1              HC573(7,0xff);
 136   1              HC573(6,smg_wei[i]);
 137   1      
 138   1              
 139   1              if(s6_flag == 0)
 140   1              {               
 141   2                      HC573(7,time_table1[i]);        
 142   2              }
 143   1              else
 144   1              {       
 145   2                      HC573(7,time_table2[i]);                
 146   2              }
 147   1              
 148   1              i++;if(i >= 8)i = 0;
 149   1      }
 150          
 151          void table_convert()
 152          {               
 153   1      
 154   1              if(s6_flag == 0)
 155   1              {
 156   2              time_table1[0] = smg_duan[hum % 10];
 157   2              time_table1[1] = smg_duan[hum / 10];
 158   2              time_table1[2] = 0xff;
 159   2              time_table1[3] = smg_duan[min % 10];
 160   2              time_table1[4] = smg_duan[min / 10];
 161   2              time_table1[5] = 0xbf;
 162   2              time_table1[6] = smg_duan[hour % 10];
 163   2              time_table1[7] = smg_duan[hour / 10];
 164   2              }
 165   1              else
 166   1              {
 167   2              time_table2[0] = smg_duan[hum_val % 10];
 168   2              time_table2[1] = smg_duan[hum_val / 10];
 169   2              time_table2[2] = 0xff;
 170   2              time_table2[3] = 0xff;
 171   2              time_table2[4] = 0xff;
 172   2              time_table2[5] = 0xff;
 173   2              time_table2[6] = 0xbf;
 174   2              time_table2[7] = 0xbf;
 175   2              }       
 176   1      }
 177          
 178          void Timer0Init(void)           //2毫秒@12.000MHz
 179          {
C51 COMPILER V9.00   MAIN                                                                  04/03/2022 19:47:55 PAGE 4   

 180   1              AUXR |= 0x80;           //定时器时钟1T模式
 181   1              TMOD &= 0xF0;           //设置定时器模式
 182   1              TL0 = 0x40;             //设置定时初始值
 183   1              TH0 = 0xA2;             //设置定时初始值
 184   1              TF0 = 0;                //清除TF0标志
 185   1              TR0 = 1;                //定时器0开始计时
 186   1              ET0 = 1;
 187   1              EA = 1;
 188   1      }


MODULE INFORMATION:   STATIC OVERLAYABLE
   CODE SIZE        =    574    ----
   CONSTANT SIZE    =   ----    ----
   XDATA SIZE       =   ----    ----
   PDATA SIZE       =   ----    ----
   DATA SIZE        =     43    ----
   IDATA SIZE       =   ----    ----
   BIT SIZE         =      7    ----
END OF MODULE INFORMATION.


C51 COMPILATION COMPLETE.  0 WARNING(S),  0 ERROR(S)
