C51 COMPILER V9.00   IIC                                                                   04/03/2022 19:16:36 PAGE 1   


C51 COMPILER V9.00, COMPILATION OF MODULE IIC
OBJECT MODULE PLACED IN iic.OBJ
COMPILER INVOKED BY: D:\Keil4\C51\BIN\C51.EXE iic.c BROWSE DEBUG OBJECTEXTEND

line level    source

   1          /*
   2            程序说明: IIC总线驱动程序
   3            软件环境: Keil uVision 4.10 
   4            硬件环境: CT107单片机综合实训平台 8051，12MHz
   5            日    期: 2011-8-9
   6          */
   7          
   8          #include "reg52.h"
   9          #include "intrins.h"
  10          #include"iic.h"
  11          #define DELAY_TIME 5
  12          
  13          #define SlaveAddrW 0xA0
  14          #define SlaveAddrR 0xA1
  15          
  16          //总线引脚定义
  17          sbit SDA = P2^1;  /* 数据线 */
  18          sbit SCL = P2^0;  /* 时钟线 */
  19          
  20          void IIC_Delay(unsigned char i)
  21          {
  22   1          do{_nop_();}
  23   1          while(i--);        
  24   1      }
  25          //总线启动条件
  26          void IIC_Start(void)
  27          {
  28   1          SDA = 1;
  29   1          SCL = 1;
  30   1          IIC_Delay(DELAY_TIME);
  31   1          SDA = 0;
  32   1          IIC_Delay(DELAY_TIME);
  33   1          SCL = 0;    
  34   1      }
  35          
  36          //总线停止条件
  37          void IIC_Stop(void)
  38          {
  39   1          SDA = 0;
  40   1          SCL = 1;
  41   1          IIC_Delay(DELAY_TIME);
  42   1          SDA = 1;
  43   1          IIC_Delay(DELAY_TIME);
  44   1      }
  45          
  46          //发送应答
  47          void IIC_SendAck(bit ackbit)
  48          {
  49   1          SCL = 0;
  50   1          SDA = ackbit;                                       // 0：应答，1：非应答
  51   1          IIC_Delay(DELAY_TIME);
  52   1          SCL = 1;
  53   1          IIC_Delay(DELAY_TIME);
  54   1          SCL = 0; 
  55   1          SDA = 1;
C51 COMPILER V9.00   IIC                                                                   04/03/2022 19:16:36 PAGE 2   

  56   1          IIC_Delay(DELAY_TIME);
  57   1      }
  58          
  59          //等待应答
  60          bit IIC_WaitAck(void)
  61          {
  62   1          bit ackbit;
  63   1              
  64   1          SCL  = 1;
  65   1          IIC_Delay(DELAY_TIME);
  66   1          ackbit = SDA;
  67   1          SCL = 0;
  68   1          IIC_Delay(DELAY_TIME);
  69   1          return ackbit;
  70   1      }
  71          
  72          //通过I2C总线发送数据
  73          void IIC_SendByte(unsigned char byt)
  74          {
  75   1          unsigned char i;
  76   1      
  77   1          for(i=0; i<8; i++)
  78   1          {
  79   2              SCL  = 0;
  80   2              IIC_Delay(DELAY_TIME);
  81   2              if(byt & 0x80) SDA  = 1;
  82   2              else SDA  = 0;
  83   2              IIC_Delay(DELAY_TIME);
  84   2              SCL = 1;
  85   2              byt <<= 1;
  86   2              IIC_Delay(DELAY_TIME);
  87   2          }
  88   1          SCL  = 0;  
  89   1      }
  90          
  91          //从I2C总线上接收数据
  92          unsigned char IIC_RecByte(void)
  93          {
  94   1          unsigned char i, da;
  95   1          for(i=0; i<8; i++)
  96   1          {   
  97   2              SCL = 1;
  98   2              IIC_Delay(DELAY_TIME);
  99   2              da <<= 1;
 100   2              if(SDA) da |= 1;
 101   2              SCL = 0;
 102   2              IIC_Delay(DELAY_TIME);
 103   2          }
 104   1          return da;    
 105   1      }
 106          
 107          //=========================================//
 108          void Write_byte_24c02(u8 adrr,u8 dat) //单字节写
 109          {
 110   1              IIC_Start();    
 111   1              IIC_SendByte(0xa0);     
 112   1              IIC_WaitAck();
 113   1                      
 114   1              IIC_SendByte(adrr);     
 115   1              IIC_WaitAck();
 116   1              
 117   1              IIC_SendByte(dat);      
C51 COMPILER V9.00   IIC                                                                   04/03/2022 19:16:36 PAGE 3   

 118   1              IIC_WaitAck();
 119   1      
 120   1              IIC_Stop();
 121   1      }
 122          
 123          u8 Read_byte_24c02(u8 adrr)      //单字节读
 124          {
 125   1              u8 temp;
 126   1              IIC_Start();    
 127   1              IIC_SendByte(0xa0);     
 128   1              IIC_WaitAck();
 129   1                      
 130   1              IIC_SendByte(adrr);     
 131   1              IIC_WaitAck();
 132   1      
 133   1              IIC_Start();    
 134   1              IIC_SendByte(0xa1);     
 135   1              IIC_WaitAck();
 136   1      
 137   1              temp = IIC_RecByte();
 138   1              IIC_Stop();
 139   1              return temp;
 140   1      }
 141          
 142          void Write_8591(u8 dac) //写电压
 143          {
 144   1              EA = 0;
 145   1              IIC_Start();    
 146   1              IIC_SendByte(0x90);     
 147   1              IIC_WaitAck();
 148   1      
 149   1              IIC_Start();    
 150   1              IIC_SendByte(0x40);     
 151   1              IIC_WaitAck();
 152   1      
 153   1              IIC_Start();    
 154   1              IIC_SendByte(dac);      
 155   1              IIC_WaitAck();
 156   1      
 157   1              IIC_Stop();
 158   1              EA = 1;
 159   1      }
 160          
 161          u8 Read_8591(u8 AIN)     //读8591
 162          {
 163   1              EA = 0;
 164   1              IIC_Start();    
 165   1              IIC_SendByte(0x90);     
 166   1              IIC_WaitAck();
 167   1                      
 168   1              IIC_SendByte(AIN);        //channel_n只能填0、1、2、3
 169   1              IIC_WaitAck();
 170   1      
 171   1              IIC_Start();    
 172   1              IIC_SendByte(0x91);     
 173   1              IIC_WaitAck();
 174   1      
 175   1              AIN = IIC_RecByte();   //每次读到的都是上次转化的结果，读两次，
 176   1              IIC_SendAck(0);
 177   1              AIN = IIC_RecByte();
 178   1      
 179   1              IIC_Stop();
C51 COMPILER V9.00   IIC                                                                   04/03/2022 19:16:36 PAGE 4   

 180   1              EA = 1;
 181   1              return AIN;     
 182   1      } 


MODULE INFORMATION:   STATIC OVERLAYABLE
   CODE SIZE        =    317    ----
   CONSTANT SIZE    =   ----    ----
   XDATA SIZE       =   ----    ----
   PDATA SIZE       =   ----    ----
   DATA SIZE        =   ----    ----
   IDATA SIZE       =   ----    ----
   BIT SIZE         =   ----       2
END OF MODULE INFORMATION.


C51 COMPILATION COMPLETE.  0 WARNING(S),  0 ERROR(S)
