C51 COMPILER V9.00   KEY                                                                   04/04/2022 13:03:53 PAGE 1   


C51 COMPILER V9.00, COMPILATION OF MODULE KEY
OBJECT MODULE PLACED IN key.OBJ
COMPILER INVOKED BY: D:\Keil4\C51\BIN\C51.EXE key.c BROWSE DEBUG OBJECTEXTEND

line level    source

   1          #include"reg52.h"
   2          #include"key.h"
   3          #include"iic.h"
   4          
   5          u8 trg,cont;
   6          extern u16 time;
   7          extern u8 s6_mode,work_mode;
   8          extern bit s6_flag,open_flag,pwm_buff;
   9          extern u16 time_f[4];
  10          
  11          void Keyscanf()
  12          {
  13   1              u8 readdata = P3^0xff;
  14   1              trg = readdata & (readdata ^ cont);
  15   1              cont = readdata;        
  16   1      }
  17          
  18          void Keyproc()
  19          {
  20   1              Keyscanf();
  21   1      
  22   1              if(trg & 0x01);                         //s7
  23   1              {
  24   2                open_flag = ~open_flag;
  25   2              }
  26   1      
  27   1              if(trg & 0x02)                          //s6
  28   1              {       
  29   2                      s6_flag = 1;                    
  30   2                      if(++s6_mode == 3)
  31   2                       {
  32   3                              s6_mode = 0;
  33   3                              s6_flag = 0;            
  34   3                       }
  35   2              }
  36   1      
  37   1              if(trg & 0x04)                              //s5 +
  38   1              {
  39   2                      if(s6_mode == 1)
  40   2                      {                                       
  41   3                              if(++work_mode == 5) work_mode = 4; //只能加到4                         
  42   3                      }
  43   2                      if(s6_mode == 2)
  44   2                      {
  45   3                              time_f[work_mode - 1] = time_f[work_mode - 1] + 100;
  46   3                              if(time_f[work_mode - 1] >= 1200)
  47   3                              time_f[work_mode - 1] = 1200;
  48   3                              time = time_f[work_mode - 1]; 
  49   3                              switch(work_mode)
  50   3                              {
  51   4                                      case 1: write_byte_at24c02(0x00,time / 10);break;                                                                                       
  52   4                                      case 2: write_byte_at24c02(0x01,time / 10);     break;                                                                                                                                                          
  53   4                                      case 3: write_byte_at24c02(0x02,time / 10);break;                                                                               
  54   4                                      case 4: write_byte_at24c02(0x03,time / 10);break;                                                       
  55   4                              }
C51 COMPILER V9.00   KEY                                                                   04/04/2022 13:03:53 PAGE 2   

  56   3                      }               
  57   2              }
  58   1      
  59   1              if(trg & 0x08)                             //s4  -
  60   1              {
  61   2                      if(s6_mode == 1)
  62   2                      {
  63   3                              if(--work_mode == 0)work_mode = 1;      //只能减到1              
  64   3                                              if(work_mode == 1)time = time_f[0];
  65   3                                              else if(work_mode == 2)time = time_f[1];
  66   3                                              else if(work_mode == 3)time = time_f[2];
  67   3                                              else if(work_mode == 4)time = time_f[3];
  68   3                      }
  69   2                      if(s6_mode == 2)
  70   2                              {
  71   3                                      time_f[work_mode - 1] = time_f[work_mode - 1] - 100;
  72   3                                      if(time_f[work_mode - 1] <= 400)
  73   3                                      time_f[work_mode - 1] = 400;
  74   3                                      time = time_f[work_mode - 1];   
  75   3                                      switch(work_mode)
  76   3                                      {
  77   4                                              case 1: write_byte_at24c02(0x00,time / 10);break;                                                                                       
  78   4                                              case 2: write_byte_at24c02(0x01,time / 10);     break;                                                                                                                                                          
  79   4                                              case 3: write_byte_at24c02(0x02,time / 10);break;                                                                               
  80   4                                              case 4: write_byte_at24c02(0x03,time / 10);break;
  81   4                                      }                                                       
  82   3                              }
  83   2      
  84   2              }
  85   1      
  86   1              if(cont & 0x08)                  //s4长按
  87   1              {                       
  88   2                      pwm_buff = 1;           
  89   2              }               
  90   1              else
  91   1              {
  92   2                      pwm_buff = 0;
  93   2              }       
  94   1              
  95   1      }


MODULE INFORMATION:   STATIC OVERLAYABLE
   CODE SIZE        =    451    ----
   CONSTANT SIZE    =   ----    ----
   XDATA SIZE       =   ----    ----
   PDATA SIZE       =   ----    ----
   DATA SIZE        =      2    ----
   IDATA SIZE       =   ----    ----
   BIT SIZE         =   ----    ----
END OF MODULE INFORMATION.


C51 COMPILATION COMPLETE.  0 WARNING(S),  0 ERROR(S)
