C51 COMPILER V9.00   DS1302                                                                04/03/2022 20:34:58 PAGE 1   


C51 COMPILER V9.00, COMPILATION OF MODULE DS1302
OBJECT MODULE PLACED IN ds1302.OBJ
COMPILER INVOKED BY: D:\Keil4\C51\BIN\C51.EXE ds1302.c BROWSE DEBUG OBJECTEXTEND

line level    source

   1          /*
   2            程序说明: DS1302驱动程序
   3            软件环境: Keil uVision 4.10 
   4            硬件环境: CT107单片机综合实训平台 8051，12MHz
   5            日    期: 2011-8-9
   6          */
   7          
   8          #include <reg52.h>
   9          #include <intrins.h>
  10          #define u8 unsigned char
  11          extern u8 sec,min,hour;
  12          sbit SCK=P1^7;          
  13          sbit SDA=P2^3;          
  14          sbit RST = P1^3;   // DS1302复位                                                                                                
  15          
  16          void Write_Ds1302(unsigned  char temp) 
  17          {
  18   1              unsigned char i;
  19   1              for (i=0;i<8;i++)       
  20   1              { 
  21   2                      SCK=0;
  22   2                      SDA=temp&0x01;
  23   2                      temp>>=1; 
  24   2                      SCK=1;
  25   2              }
  26   1      }   
  27          
  28          void Write_Ds1302_Byte( unsigned char address,unsigned char dat )     
  29          {
  30   1              RST=0;  _nop_();
  31   1              SCK=0;  _nop_();
  32   1              RST=1;  _nop_();  
  33   1              Write_Ds1302(address);  
  34   1              Write_Ds1302(dat);              
  35   1              RST=0; 
  36   1      }
  37          
  38          unsigned char Read_Ds1302_Byte ( unsigned char address )
  39          {
  40   1              unsigned char i,temp=0x00;
  41   1              RST=0;  _nop_();
  42   1              SCK=0;  _nop_();
  43   1              RST=1;  _nop_();
  44   1              Write_Ds1302(address);
  45   1              for (i=0;i<8;i++)       
  46   1              {               
  47   2                      SCK=0;
  48   2                      temp>>=1;       
  49   2                      if(SDA)
  50   2                      temp|=0x80;     
  51   2                      SCK=1;
  52   2              } 
  53   1              RST=0;  _nop_();
  54   1              SCK=0;  _nop_();
  55   1              SCK=1;  _nop_();
C51 COMPILER V9.00   DS1302                                                                04/03/2022 20:34:58 PAGE 2   

  56   1              SDA=0;  _nop_();
  57   1              SDA=1;  _nop_();
  58   1              return (temp);                  
  59   1      }
  60          
  61          u8 BDC_DEC(u8 bcd)
  62          {
  63   1              u8 x;
  64   1              x = bcd >> 4;
  65   1              bcd &= 0x0f;
  66   1              bcd = x * 10 + bcd;
  67   1              return bcd;
  68   1      }
  69          
  70          void init_time()
  71          {
  72   1              Write_Ds1302_Byte(0x8e,0x00);
  73   1              Write_Ds1302_Byte(0x80,sec);
  74   1              Write_Ds1302_Byte(0x82,min);
  75   1              Write_Ds1302_Byte(0x84,hour);
  76   1              Write_Ds1302_Byte(0x8e,0x80);   
  77   1      }
  78          
  79          void read_ds1302()
  80          {
  81   1              u8 d;
  82   1              d = Read_Ds1302_Byte(0x81);
  83   1              sec = BDC_DEC(d);
  84   1              d = Read_Ds1302_Byte(0x83);
  85   1              min = BDC_DEC(d);
  86   1              d = Read_Ds1302_Byte(0x85);
  87   1              hour = BDC_DEC(d);
  88   1      }
  89          
  90          
  91          
  92          


MODULE INFORMATION:   STATIC OVERLAYABLE
   CODE SIZE        =    168    ----
   CONSTANT SIZE    =   ----    ----
   XDATA SIZE       =   ----    ----
   PDATA SIZE       =   ----    ----
   DATA SIZE        =   ----    ----
   IDATA SIZE       =   ----    ----
   BIT SIZE         =   ----    ----
END OF MODULE INFORMATION.


C51 COMPILATION COMPLETE.  0 WARNING(S),  0 ERROR(S)
