C51 COMPILER V9.00   KEY                                                                   04/03/2022 20:34:58 PAGE 1   


C51 COMPILER V9.00, COMPILATION OF MODULE KEY
OBJECT MODULE PLACED IN key.OBJ
COMPILER INVOKED BY: D:\Keil4\C51\BIN\C51.EXE key.c BROWSE DEBUG OBJECTEXTEND

line level    source

   1          #include"key.h"
   2          
   3          extern u8 trg,cont,count,time,n,t,mode;
   4          extern bit L1_flag;
   5          extern u16 count_time;
   6          
   7          void Keyscanf()
   8          {
   9   1              u8 readdata = P3 ^ 0xff;
  10   1              trg = readdata & (cont^readdata);
  11   1              cont = readdata;
  12   1      }
  13          
  14          void Keyproc()
  15          {
  16   1              Keyscanf();
  17   1              if(trg & 0x01)  //s7            回到mode1，初始化变量
  18   1              {
  19   2                      if(mode == 3)
  20   2                      {
  21   3                              mode = 1;
  22   3                              t = 0;
  23   3                              n = 0;
  24   3                              L1_flag = 0;
  25   3                      }
  26   2              }
  27   1      
  28   1              if(trg & 0x02)          //s6
  29   1              {
  30   2                      if(mode == 3)L1_flag = 1;                        //L1灭
  31   2              }
  32   1      
  33   1              if(trg & 0x04)          //s5
  34   1              {       
  35   2                      if(mode == 1)mode = 2;                  //切换模式2                                     
  36   2              }
  37   1      
  38   1              if(trg & 0x08)     //s4                                 设置温度读取间隔
  39   1              {
  40   2                      if(mode == 1)
  41   2                      {
  42   3                                count++;if(count == 5)count = 1;
  43   3                                if(count == 1){count_time = 500;time = 1;}
  44   3                                if(count == 2){count_time = 2500;time = 5;}
  45   3                                if(count == 3){count_time = 15000;time = 30;}
  46   3                                if(count == 4){count_time = 30000;time = 60;}
  47   3                      }
  48   2              }
  49   1      }


MODULE INFORMATION:   STATIC OVERLAYABLE
   CODE SIZE        =    138    ----
   CONSTANT SIZE    =   ----    ----
   XDATA SIZE       =   ----    ----
C51 COMPILER V9.00   KEY                                                                   04/03/2022 20:34:58 PAGE 2   

   PDATA SIZE       =   ----    ----
   DATA SIZE        =   ----    ----
   IDATA SIZE       =   ----    ----
   BIT SIZE         =   ----    ----
END OF MODULE INFORMATION.


C51 COMPILATION COMPLETE.  0 WARNING(S),  0 ERROR(S)
