C51 COMPILER V9.00   DS1302                                                                06/16/2022 08:54:44 PAGE 1   


C51 COMPILER V9.00, COMPILATION OF MODULE DS1302
OBJECT MODULE PLACED IN ds1302.OBJ
COMPILER INVOKED BY: D:\Keil4\C51\BIN\C51.EXE ds1302.c BROWSE DEBUG OBJECTEXTEND

line level    source

   1          #include "ds1302.h"                                                                     
   2          
   3          extern u8 sec,min,hour;
   4          
   5          //写字节
   6          void Write_Ds1302(unsigned  char temp) 
   7          {
   8   1              unsigned char i;
   9   1              for (i=0;i<8;i++)       
  10   1              { 
  11   2                      SCK = 0;
  12   2                      SDA = temp&0x01;
  13   2                      temp>>=1; 
  14   2                      SCK=1;
  15   2              }
  16   1      }   
  17          
  18          //向DS1302寄存器写入数据
  19          void Write_Ds1302_Byte( unsigned char address,unsigned char dat )     
  20          {
  21   1              RST=0;  _nop_();
  22   1              SCK=0;  _nop_();
  23   1              RST=1;  _nop_();  
  24   1              Write_Ds1302(address);  
  25   1              Write_Ds1302(dat);              
  26   1              RST=0; 
  27   1      }
  28          
  29          //从DS1302寄存器读出数据
  30          unsigned char Read_Ds1302_Byte ( unsigned char address )
  31          {
  32   1              unsigned char i,temp=0x00;
  33   1              RST=0;  _nop_();
  34   1              SCK=0;  _nop_();
  35   1              RST=1;  _nop_();
  36   1              Write_Ds1302(address);
  37   1              for (i=0;i<8;i++)       
  38   1              {               
  39   2                      SCK=0;
  40   2                      temp>>=1;       
  41   2                      if(SDA)
  42   2                      temp|=0x80;     
  43   2                      SCK=1;
  44   2              } 
  45   1              RST=0;  _nop_();
  46   1              SCK=0;  _nop_();
  47   1              SCK=1;  _nop_();
  48   1              SDA=0;  _nop_();
  49   1              SDA=1;  _nop_();
  50   1              return (temp);                  
  51   1      }
  52          
  53          u8 BCD_DEC(u8 bcd)
  54          {
  55   1              u8 x;
C51 COMPILER V9.00   DS1302                                                                06/16/2022 08:54:44 PAGE 2   

  56   1              x = bcd >> 4;
  57   1              bcd &= 0x0f;
  58   1              bcd = x * 10 + bcd;
  59   1              return bcd;
  60   1      }
  61          
  62          void init_time()
  63          {
  64   1              Write_Ds1302_Byte(0x8e,0x00);   
  65   1              Write_Ds1302_Byte(0x80,sec);
  66   1              Write_Ds1302_Byte(0x82,min);
  67   1              Write_Ds1302_Byte(0x84,hour);
  68   1              Write_Ds1302_Byte(0x8e,0x80);
  69   1      }
  70          
  71          void read_ds1302()
  72          {
  73   1              u8 d;
  74   1              d = Read_Ds1302_Byte(0x81);
  75   1              sec = BCD_DEC(d);
  76   1              d = Read_Ds1302_Byte(0x83);
  77   1              min = BCD_DEC(d);
  78   1              d = Read_Ds1302_Byte(0x85);
  79   1              hour = BCD_DEC(d);
  80   1      }


MODULE INFORMATION:   STATIC OVERLAYABLE
   CODE SIZE        =    168    ----
   CONSTANT SIZE    =   ----    ----
   XDATA SIZE       =   ----    ----
   PDATA SIZE       =   ----    ----
   DATA SIZE        =   ----    ----
   IDATA SIZE       =   ----    ----
   BIT SIZE         =   ----    ----
END OF MODULE INFORMATION.


C51 COMPILATION COMPLETE.  0 WARNING(S),  0 ERROR(S)
