C51 COMPILER V9.00   ONEWIRE                                                               06/16/2022 08:54:44 PAGE 1   


C51 COMPILER V9.00, COMPILATION OF MODULE ONEWIRE
OBJECT MODULE PLACED IN onewire.OBJ
COMPILER INVOKED BY: D:\Keil4\C51\BIN\C51.EXE onewire.c BROWSE DEBUG OBJECTEXTEND

line level    source

   1          #include "onewire.h"
   2          
   3          extern u8 temp_dot;
   4          
   5          //单总线内部延时函数
   6          void Delay_OneWire(unsigned int t)  
   7          {
   8   1              u8 i;
   9   1              while(t--)for(i = 0;i <= 12;i++);
  10   1      }
  11          
  12          //单总线写操作
  13          void Write_DS18B20(unsigned char dat)
  14          {
  15   1              unsigned char i;
  16   1              for(i=0;i<8;i++)
  17   1              {
  18   2                      DQ = 0;
  19   2                      DQ = dat&0x01;
  20   2                      Delay_OneWire(5);
  21   2                      DQ = 1;
  22   2                      dat >>= 1;
  23   2              }
  24   1              Delay_OneWire(5);
  25   1      }
  26          
  27          //单总线读操作
  28          unsigned char Read_DS18B20(void)
  29          {
  30   1              unsigned char i;
  31   1              unsigned char dat;
  32   1        
  33   1              for(i=0;i<8;i++)
  34   1              {
  35   2                      DQ = 0;
  36   2                      dat >>= 1;
  37   2                      DQ = 1;
  38   2                      if(DQ)
  39   2                      {
  40   3                              dat |= 0x80;
  41   3                      }           
  42   2                      Delay_OneWire(5);
  43   2              }
  44   1              return dat;
  45   1      }
  46          
  47          //DS18B20初始化
  48          bit init_ds18b20(void)
  49          {
  50   1              bit initflag = 0;
  51   1              
  52   1              DQ = 1;
  53   1              Delay_OneWire(12);
  54   1              DQ = 0;
  55   1              Delay_OneWire(80);
C51 COMPILER V9.00   ONEWIRE                                                               06/16/2022 08:54:44 PAGE 2   

  56   1              DQ = 1;
  57   1              Delay_OneWire(10); 
  58   1          initflag = DQ;     
  59   1              Delay_OneWire(5);
  60   1        
  61   1              return initflag;
  62   1      }
  63          
  64          unsigned char rd_temperature(void)
  65          {
  66   1              u8 low,high,temp;
  67   1              init_ds18b20();
  68   1              Write_DS18B20(0xcc);
  69   1              Write_DS18B20(0x44);
  70   1          Delay_OneWire(200);
  71   1      
  72   1              init_ds18b20();
  73   1              Write_DS18B20(0xcc);
  74   1              Write_DS18B20(0xbe);
  75   1          Delay_OneWire(200);
  76   1      
  77   1              low = Read_DS18B20();
  78   1              high = Read_DS18B20();
  79   1              temp_dot = low & 0x0f;
  80   1              low >>= 4;
  81   1              high <<= 4;
  82   1              temp = (low | high);
  83   1      
  84   1              if((temp & 0x80) == 0x80)
  85   1              {
  86   2                      temp = ~(temp - 1);
  87   2                      temp_dot = ~(temp_dot - 1) * 0.625;
  88   2              }
  89   1              else
  90   1              {
  91   2                      temp = temp;
  92   2                      temp_dot = temp_dot  * 0.625;
  93   2              }
  94   1              return temp;
  95   1      }


MODULE INFORMATION:   STATIC OVERLAYABLE
   CODE SIZE        =    242    ----
   CONSTANT SIZE    =   ----    ----
   XDATA SIZE       =   ----    ----
   PDATA SIZE       =   ----    ----
   DATA SIZE        =   ----       1
   IDATA SIZE       =   ----    ----
   BIT SIZE         =   ----       1
END OF MODULE INFORMATION.


C51 COMPILATION COMPLETE.  0 WARNING(S),  0 ERROR(S)
