C51 COMPILER V9.00   KEY                                                                   04/05/2022 14:46:59 PAGE 1   


C51 COMPILER V9.00, COMPILATION OF MODULE KEY
OBJECT MODULE PLACED IN key.OBJ
COMPILER INVOKED BY: D:\Keil4\C51\BIN\C51.EXE key.c BROWSE DEBUG OBJECTEXTEND

line level    source

   1          #include"key.h"
   2          
   3          extern u8 trg,cont,table_mode,temp_par_1;
   4          extern char temp_par;
   5          extern bit dac_mode;
   6          
   7          void Keyscanf()
   8          {
   9   1              u8 readdata;
  10   1              setkbd(0xf0);
  11   1              readdata = getkbd;
  12   1              setkbd(0x0f);
  13   1              readdata = (readdata | getkbd) ^ 0xff;
  14   1              trg = readdata & (readdata ^ cont);
  15   1              cont = readdata;
  16   1      }
  17          
  18          void Keyproc()
  19          {
  20   1              Keyscanf();
  21   1              if(trg == 0x88)  //s4
  22   1              {
  23   2                      table_mode++;if(table_mode >= 3)table_mode = 0;
  24   2                      if(table_mode == 2)temp_par_1 = temp_par;               
  25   2              }
  26   1              if(trg == 0x48)   //s8
  27   1              {
  28   2                      if(table_mode == 1)
  29   2                      {
  30   3                              temp_par--;if(temp_par <= 0)temp_par = 0;
  31   3                      }
  32   2              }
  33   1              if(trg == 0x44)  //s9
  34   1              {
  35   2                      if(table_mode == 1)
  36   2                      {
  37   3                              temp_par++;if(temp_par >= 99)temp_par = 99;
  38   3                      }
  39   2              }
  40   1              if(trg == 0x84) //s5
  41   1              {
  42   2                      dac_mode = ~dac_mode;
  43   2              }
  44   1                      
  45   1      }


MODULE INFORMATION:   STATIC OVERLAYABLE
   CODE SIZE        =    156    ----
   CONSTANT SIZE    =   ----    ----
   XDATA SIZE       =   ----    ----
   PDATA SIZE       =   ----    ----
   DATA SIZE        =   ----    ----
   IDATA SIZE       =   ----    ----
   BIT SIZE         =   ----    ----
C51 COMPILER V9.00   KEY                                                                   04/05/2022 14:46:59 PAGE 2   

END OF MODULE INFORMATION.


C51 COMPILATION COMPLETE.  0 WARNING(S),  0 ERROR(S)
