C51 COMPILER V9.00   KEY                                                                   04/08/2022 08:09:37 PAGE 1   


C51 COMPILER V9.00, COMPILATION OF MODULE KEY
OBJECT MODULE PLACED IN key.OBJ
COMPILER INVOKED BY: D:\Keil4\C51\BIN\C51.EXE key.c BROWSE DEBUG OBJECTEXTEND

line level    source

   1          #include"key.h"
   2          
   3          extern u8 trg,cont,work_mode,channel;
   4          extern u16 frency,dac1,dac3,frency_temp,dac_temp_3;
   5          extern bit s7_flag,cont_flag,led_flag;
   6          
   7          void Keyscanf()
   8          {
   9   1              u8 readdata = P3 ^ 0xff;
  10   1              trg = readdata & (readdata ^ cont);
  11   1              cont = readdata;
  12   1      }
  13          
  14          void Keyproc()
  15          {
  16   1              Keyscanf();
  17   1              if(trg & 0x01)             //缓存频率
  18   1              {
  19   2                      frency_temp = frency;
  20   2              }
  21   1      
  22   1              if(cont & 0x01)                  
  23   1              {
  24   2                      s7_flag = 1;             //开始长按
  25   2              }
  26   1              else
  27   1              {
  28   2                      s7_flag = 0;        //松开长按
  29   2              }
  30   1      
  31   1              if(trg & 0x02)                   //缓存通道3电压
  32   1              {
  33   2                      dac_temp_3 = dac3;
  34   2                      
  35   2              }
  36   1      
  37   1              if(trg & 0x04)                  //切换通道
  38   1              {               
  39   2      
  40   2                      if(channel == 1)channel = 3;
  41   2                      else if(channel == 3)channel = 1;
  42   2              }
  43   1      
  44   1              if(trg & 0x08)//s4 数码管模式切换
  45   1              {
  46   2                      work_mode++;if(work_mode >= 3)work_mode = 0;
  47   2                      if(work_mode == 2)channel = 1;          //当进入周期界面时将通道调为1
  48   2              }
  49   1      
  50   1      }


MODULE INFORMATION:   STATIC OVERLAYABLE
   CODE SIZE        =     97    ----
   CONSTANT SIZE    =   ----    ----
C51 COMPILER V9.00   KEY                                                                   04/08/2022 08:09:37 PAGE 2   

   XDATA SIZE       =   ----    ----
   PDATA SIZE       =   ----    ----
   DATA SIZE        =   ----    ----
   IDATA SIZE       =   ----    ----
   BIT SIZE         =   ----    ----
END OF MODULE INFORMATION.


C51 COMPILATION COMPLETE.  0 WARNING(S),  0 ERROR(S)
