C51 COMPILER V9.00   KEY                                                                   03/20/2022 15:50:26 PAGE 1   


C51 COMPILER V9.00, COMPILATION OF MODULE KEY
OBJECT MODULE PLACED IN key.OBJ
COMPILER INVOKED BY: D:\Keil4\C51\BIN\C51.EXE key.c BROWSE DEBUG OBJECTEXTEND

line level    source

   1          #include"key.h"
   2          
   3          extern u8 trg,cont;
   4          extern u16 shuiliang;
   5          extern bit s7_flag,s6_flag;
   6          
   7          void keyscanf(void)
   8          {
   9   1              u8 readdata = P3 ^ 0xff;
  10   1              trg  = readdata &(readdata ^ cont);
  11   1              cont = readdata;
  12   1      }
  13          
  14          void keyproc(void)
  15          {
  16   1              keyscanf();
  17   1              if(trg & 0x01)  //S7 控制出水，
  18   1              {
  19   2                      s7_flag = 1;
  20   2                      shuiliang = 0;
  21   2              }
  22   1              if(trg & 0x02)  //S6  控制停水
  23   1              {
  24   2                      s7_flag = 0;
  25   2                      s6_flag = ~s6_flag;
  26   2              }
  27   1      //      if(trg & 0x04)  //S5            没用到s5,s4
  28   1      //      {
  29   1      //
  30   1      //      }
  31   1      //      if(trg & 0x08)  //S4
  32   1      //      {
  33   1      //
  34   1      //      }
  35   1      }
  36          
  37          
  38          
  39          
  40          


MODULE INFORMATION:   STATIC OVERLAYABLE
   CODE SIZE        =     37    ----
   CONSTANT SIZE    =   ----    ----
   XDATA SIZE       =   ----    ----
   PDATA SIZE       =   ----    ----
   DATA SIZE        =   ----    ----
   IDATA SIZE       =   ----    ----
   BIT SIZE         =   ----    ----
END OF MODULE INFORMATION.


C51 COMPILATION COMPLETE.  0 WARNING(S),  0 ERROR(S)
