C51 COMPILER V9.00   MAIN                                                                  03/20/2022 15:50:26 PAGE 1   


C51 COMPILER V9.00, COMPILATION OF MODULE MAIN
OBJECT MODULE PLACED IN main.OBJ
COMPILER INVOKED BY: D:\Keil4\C51\BIN\C51.EXE main.c BROWSE DEBUG OBJECTEXTEND

line level    source

   1          #include"reg52.h"
   2          #include"key.h"
   3          #include"iic.h"
   4          #define u8 unsigned char
   5          #define u16 unsigned int
   6          sfr AUXR = 0x8e;
   7          u8 smg_duan[] = {0xc0,0xf9,0xa4,0xb0,0x99,0x92,0x82,0xf8,0x80,0x90};
   8          u8 smg_wei[] = {0x80,0x40,0x20,0x10,0x08,0x04,0x02,0x01};
   9          u8 table_1[8]; 
  10           
  11          u8 count_key,count_dac,count_water;
  12          u16 feilv = 50,zongjia = 0,dac;
  13          bit     key_flag,dac_flag,water_flag;
  14          extern u8 trg = 0,cont = 0;
  15          extern u16 shuiliang = 0;
  16          extern bit s7_flag = 0,s6_flag = 0;
  17          float r_dac;       //定义光敏电阻阻值
  18          
  19          void Timer0Init(void);
  20          void display(void);
  21          void table_convert(void);
  22                           
  23          void main()
  24          {
  25   1      
  26   1              P2 = (P2 & 0x1f) | 0xa0; P0 = 0x00; P2 &= 0x1f; //关蜂鸣器，继电器      
  27   1              P2 = (P2 & 0x1f) | 0x80; P0 = 0xff; P2 &= 0x1f;//关led灯                
  28   1              Timer0Init();
  29   1              while(1)
  30   1              {
  31   2                      if(dac_flag)            //可以在较暗环境下用手机闪光灯检验
  32   2                      {
  33   3                              dac_flag = 0;
  34   3                              write_8591(1);                           //???
  35   3                              r_dac = read_8591(1);            //读光敏电阻阻值
  36   3                              dac = (u16)(r_dac *100 / 51.0f);         //我不理解，但我大受震撼！
  37   3                              if(dac < 125)   //L1亮
  38   3                              {
  39   4                                      P2 = (P2 & 0x1f) | 0x80; P0 = ~0x01; P2 &= 0x1f;        
  40   4                              }
  41   3                              if(dac > 125)   //L1灭
  42   3                              {
  43   4                                      P2 = (P2 & 0x1f) | 0x80; P0 = 0xff; P2 &= 0x1f;
  44   4                              }
  45   3                      }
  46   2                      if(s7_flag == 1)   //L10亮
  47   2                      {
  48   3                              P2 = (P2 & 0x1f) | 0xa0; P0 = 0x10; P2 &= 0x1f;
  49   3                      }
  50   2                      if(s7_flag == 0)        //L10灭
  51   2                      {
  52   3                              P2 = (P2 & 0x1f) | 0xa0; P0 = 0x00; P2 &= 0x1f;
  53   3                      }
  54   2                      if(water_flag)                            //每100ms出水量加100
  55   2                      {
C51 COMPILER V9.00   MAIN                                                                  03/20/2022 15:50:26 PAGE 2   

  56   3                              water_flag = 0;
  57   3                              shuiliang += 100;
  58   3                      }
  59   2              
  60   2                      if(shuiliang >= 9999)             //当出水量大于9999时自动停水
  61   2                      {
  62   3                               P2 = (P2 & 0x1f) | 0xa0; P0 = 0x00; P2 &= 0x1f;
  63   3                               s7_flag = 0;s6_flag = 1;
  64   3                      }
  65   2              
  66   2                      zongjia = shuiliang / 2;         //？？不足之处是，没用到费率0.5
  67   2              
  68   2                      if(key_flag){key_flag = 0;keyproc();}
  69   2                      table_convert();
  70   2              }
  71   1      }
  72          
  73          void Timer0isr(void) interrupt 1
  74          {
  75   1              if(++count_key >= 6)       //12ms读一次独立按键
  76   1              {
  77   2                      count_key = 0;
  78   2                      key_flag = 1;
  79   2              }
  80   1              if(++count_dac >= 150)           //0.3s读一次电压
  81   1              {
  82   2                      count_dac = 0;
  83   2                      dac_flag = 1;
  84   2              }
  85   1              if((++count_water >= 50)&&(s7_flag == 1)) //100ms，当s7按下时开始出水计时
  86   1              {
  87   2                 count_water = 0;
  88   2                 water_flag = 1;      
  89   2              }
  90   1      
  91   1              display();
  92   1      }
  93          
  94          void display(void)
  95          {
  96   1              static u8 i;
  97   1              P2 = (P2 & 0x1f) | 0xe0; P0 = 0xff; P2 &= 0x1f;         //消隐
  98   1              P2 = (P2 & 0x1f) | 0xc0; P0 = smg_wei[i]; P2 &= 0x1f;           //位选
  99   1              if(s6_flag == 0)
 100   1              {P2 = (P2 & 0x1f) | 0xe0; P0 = table_1[i]; P2 &= 0x1f;}         //段选
 101   1              if(s6_flag == 1)
 102   1              {P2 = (P2 & 0x1f) | 0xe0; P0 = table_1[i]; P2 &= 0x1f;}         //段选
 103   1              i++;if(i >= 8)i = 0;    
 104   1      }
 105          
 106          void table_convert(void)
 107          {
 108   1      
 109   1              table_1[4] = smg_duan[feilv % 10]; 
 110   1              table_1[5] = smg_duan[feilv / 10 % 10]; 
 111   1              table_1[6] = smg_duan[feilv / 100 % 10] & 0x7f;
 112   1              table_1[7] = 0xff;
 113   1      
 114   1              if(s6_flag == 0)                   //当s6未按下时显示出水量
 115   1              {
 116   2              table_1[0] = smg_duan[shuiliang % 10]; 
 117   2              table_1[1] = smg_duan[shuiliang / 10 % 10]; 
C51 COMPILER V9.00   MAIN                                                                  03/20/2022 15:50:26 PAGE 3   

 118   2              table_1[2] = smg_duan[shuiliang / 100 % 10] & 0x7f; 
 119   2              table_1[3] = smg_duan[shuiliang / 1000 % 10]; 
 120   2              }
 121   1      
 122   1              if(s6_flag == 1)                //当s6按下时显示总价
 123   1              {
 124   2              table_1[0] = smg_duan[zongjia % 10]; 
 125   2              table_1[1] = smg_duan[zongjia / 10 % 10]; 
 126   2              table_1[2] = smg_duan[zongjia / 100 % 10] & 0x7f; 
 127   2              table_1[3] = smg_duan[zongjia / 1000 % 10]; 
 128   2              }
 129   1      
 130   1      }                               
 131          
 132          void Timer0Init(void)           //2毫秒@12.000MHz
 133          {
 134   1              AUXR |= 0x80;           //定时器时钟1T模式
 135   1              TMOD &= 0xF0;           //设置定时器模式
 136   1              TL0 = 0x40;             //设置定时初始值
 137   1              TH0 = 0xA2;             //设置定时初始值
 138   1              TF0 = 0;                //清除TF0标志
 139   1              TR0 = 1;                //定时器0开始计时
 140   1              ET0 = 1;
 141   1              EA = 1; 
 142   1      }


MODULE INFORMATION:   STATIC OVERLAYABLE
   CODE SIZE        =    734    ----
   CONSTANT SIZE    =   ----    ----
   XDATA SIZE       =   ----    ----
   PDATA SIZE       =   ----    ----
   DATA SIZE        =     44    ----
   IDATA SIZE       =   ----    ----
   BIT SIZE         =      5    ----
END OF MODULE INFORMATION.


C51 COMPILATION COMPLETE.  0 WARNING(S),  0 ERROR(S)
